  Function.cpp
C:\Users\Vy Huynh\OneDrive - VNU-HCMUS\APCS\Third Year\Term 2\CS411 - Computer graphic\Lab\Lab04\Lab04\Lab04\Head.h(18,33): warning C4305: 'initializing': truncation from 'double' to 'float'
C:\Users\Vy Huynh\OneDrive - VNU-HCMUS\APCS\Third Year\Term 2\CS411 - Computer graphic\Lab\Lab04\Lab04\Lab04\Function.cpp(244,21): warning C4244: 'argument': conversion from 'double' to 'GLfloat', possible loss of data
C:\Users\Vy Huynh\OneDrive - VNU-HCMUS\APCS\Third Year\Term 2\CS411 - Computer graphic\Lab\Lab04\Lab04\Lab04\Function.cpp(244,18): warning C4244: 'argument': conversion from 'double' to 'GLfloat', possible loss of data
C:\Users\Vy Huynh\OneDrive - VNU-HCMUS\APCS\Third Year\Term 2\CS411 - Computer graphic\Lab\Lab04\Lab04\Lab04\Function.cpp(244,15): warning C4244: 'argument': conversion from 'double' to 'GLfloat', possible loss of data
C:\Users\Vy Huynh\OneDrive - VNU-HCMUS\APCS\Third Year\Term 2\CS411 - Computer graphic\Lab\Lab04\Lab04\Lab04\Function.cpp(286,21): warning C4244: 'argument': conversion from 'double' to 'GLfloat', possible loss of data
C:\Users\Vy Huynh\OneDrive - VNU-HCMUS\APCS\Third Year\Term 2\CS411 - Computer graphic\Lab\Lab04\Lab04\Lab04\Function.cpp(286,18): warning C4244: 'argument': conversion from 'double' to 'GLfloat', possible loss of data
C:\Users\Vy Huynh\OneDrive - VNU-HCMUS\APCS\Third Year\Term 2\CS411 - Computer graphic\Lab\Lab04\Lab04\Lab04\Function.cpp(286,15): warning C4244: 'argument': conversion from 'double' to 'GLfloat', possible loss of data
C:\Users\Vy Huynh\OneDrive - VNU-HCMUS\APCS\Third Year\Term 2\CS411 - Computer graphic\Lab\Lab04\Lab04\Lab04\Function.cpp(300,11): warning C4244: 'initializing': conversion from 'double' to 'float', possible loss of data
C:\Users\Vy Huynh\OneDrive - VNU-HCMUS\APCS\Third Year\Term 2\CS411 - Computer graphic\Lab\Lab04\Lab04\Lab04\Function.cpp(301,12): warning C4244: 'initializing': conversion from 'double' to 'float', possible loss of data
C:\Users\Vy Huynh\OneDrive - VNU-HCMUS\APCS\Third Year\Term 2\CS411 - Computer graphic\Lab\Lab04\Lab04\Lab04\Function.cpp(305,45): warning C4244: 'argument': conversion from 'double' to 'GLfloat', possible loss of data
C:\Users\Vy Huynh\OneDrive - VNU-HCMUS\APCS\Third Year\Term 2\CS411 - Computer graphic\Lab\Lab04\Lab04\Lab04\Function.cpp(305,27): warning C4244: 'argument': conversion from 'double' to 'GLfloat', possible loss of data
C:\Users\Vy Huynh\OneDrive - VNU-HCMUS\APCS\Third Year\Term 2\CS411 - Computer graphic\Lab\Lab04\Lab04\Lab04\Function.cpp(307,47): warning C4244: 'argument': conversion from 'double' to 'GLfloat', possible loss of data
C:\Users\Vy Huynh\OneDrive - VNU-HCMUS\APCS\Third Year\Term 2\CS411 - Computer graphic\Lab\Lab04\Lab04\Lab04\Function.cpp(307,28): warning C4244: 'argument': conversion from 'double' to 'GLfloat', possible loss of data
C:\Users\Vy Huynh\OneDrive - VNU-HCMUS\APCS\Third Year\Term 2\CS411 - Computer graphic\Lab\Lab04\Lab04\Lab04\Function.cpp(312,45): warning C4244: 'argument': conversion from 'double' to 'GLfloat', possible loss of data
C:\Users\Vy Huynh\OneDrive - VNU-HCMUS\APCS\Third Year\Term 2\CS411 - Computer graphic\Lab\Lab04\Lab04\Lab04\Function.cpp(312,27): warning C4244: 'argument': conversion from 'double' to 'GLfloat', possible loss of data
C:\Users\Vy Huynh\OneDrive - VNU-HCMUS\APCS\Third Year\Term 2\CS411 - Computer graphic\Lab\Lab04\Lab04\Lab04\Function.cpp(314,47): warning C4244: 'argument': conversion from 'double' to 'GLfloat', possible loss of data
C:\Users\Vy Huynh\OneDrive - VNU-HCMUS\APCS\Third Year\Term 2\CS411 - Computer graphic\Lab\Lab04\Lab04\Lab04\Function.cpp(314,28): warning C4244: 'argument': conversion from 'double' to 'GLfloat', possible loss of data
C:\Users\Vy Huynh\OneDrive - VNU-HCMUS\APCS\Third Year\Term 2\CS411 - Computer graphic\Lab\Lab04\Lab04\Lab04\Function.cpp(327,12): warning C4244: 'initializing': conversion from 'double' to 'float', possible loss of data
C:\Users\Vy Huynh\OneDrive - VNU-HCMUS\APCS\Third Year\Term 2\CS411 - Computer graphic\Lab\Lab04\Lab04\Lab04\Function.cpp(328,13): warning C4244: 'initializing': conversion from 'double' to 'float', possible loss of data
C:\Users\Vy Huynh\OneDrive - VNU-HCMUS\APCS\Third Year\Term 2\CS411 - Computer graphic\Lab\Lab04\Lab04\Lab04\Function.cpp(330,13): warning C4244: 'initializing': conversion from 'double' to 'float', possible loss of data
C:\Users\Vy Huynh\OneDrive - VNU-HCMUS\APCS\Third Year\Term 2\CS411 - Computer graphic\Lab\Lab04\Lab04\Lab04\Function.cpp(331,76): warning C4244: 'argument': conversion from 'double' to 'GLfloat', possible loss of data
C:\Users\Vy Huynh\OneDrive - VNU-HCMUS\APCS\Third Year\Term 2\CS411 - Computer graphic\Lab\Lab04\Lab04\Lab04\Function.cpp(331,57): warning C4244: 'argument': conversion from 'double' to 'GLfloat', possible loss of data
C:\Users\Vy Huynh\OneDrive - VNU-HCMUS\APCS\Third Year\Term 2\CS411 - Computer graphic\Lab\Lab04\Lab04\Lab04\Function.cpp(332,85): warning C4244: 'argument': conversion from 'double' to 'GLfloat', possible loss of data
C:\Users\Vy Huynh\OneDrive - VNU-HCMUS\APCS\Third Year\Term 2\CS411 - Computer graphic\Lab\Lab04\Lab04\Lab04\Function.cpp(332,53): warning C4244: 'argument': conversion from 'double' to 'GLfloat', possible loss of data
C:\Users\Vy Huynh\OneDrive - VNU-HCMUS\APCS\Third Year\Term 2\CS411 - Computer graphic\Lab\Lab04\Lab04\Lab04\Function.cpp(332,36): warning C4244: 'argument': conversion from 'double' to 'GLfloat', possible loss of data
C:\Users\Vy Huynh\OneDrive - VNU-HCMUS\APCS\Third Year\Term 2\CS411 - Computer graphic\Lab\Lab04\Lab04\Lab04\Function.cpp(333,75): warning C4244: 'argument': conversion from 'double' to 'GLfloat', possible loss of data
C:\Users\Vy Huynh\OneDrive - VNU-HCMUS\APCS\Third Year\Term 2\CS411 - Computer graphic\Lab\Lab04\Lab04\Lab04\Function.cpp(333,56): warning C4244: 'argument': conversion from 'double' to 'GLfloat', possible loss of data
C:\Users\Vy Huynh\OneDrive - VNU-HCMUS\APCS\Third Year\Term 2\CS411 - Computer graphic\Lab\Lab04\Lab04\Lab04\Function.cpp(334,84): warning C4244: 'argument': conversion from 'double' to 'GLfloat', possible loss of data
C:\Users\Vy Huynh\OneDrive - VNU-HCMUS\APCS\Third Year\Term 2\CS411 - Computer graphic\Lab\Lab04\Lab04\Lab04\Function.cpp(334,52): warning C4244: 'argument': conversion from 'double' to 'GLfloat', possible loss of data
C:\Users\Vy Huynh\OneDrive - VNU-HCMUS\APCS\Third Year\Term 2\CS411 - Computer graphic\Lab\Lab04\Lab04\Lab04\Function.cpp(334,36): warning C4244: 'argument': conversion from 'double' to 'GLfloat', possible loss of data
C:\Users\Vy Huynh\OneDrive - VNU-HCMUS\APCS\Third Year\Term 2\CS411 - Computer graphic\Lab\Lab04\Lab04\Lab04\Function.cpp(223,9): warning C4101: 'spherePoint': unreferenced local variable
C:\Users\Vy Huynh\OneDrive - VNU-HCMUS\APCS\Third Year\Term 2\CS411 - Computer graphic\Lab\Lab04\Lab04\Lab04\Function.cpp(265,9): warning C4101: 'spherePoint': unreferenced local variable
  Lab04.vcxproj -> C:\Users\Vy Huynh\OneDrive - VNU-HCMUS\APCS\Third Year\Term 2\CS411 - Computer graphic\Lab\Lab04\Lab04\Debug\Lab04.exe
